nohup: ignoring input
=================================================================
 STARTING ADDITIONAL RUN (CLIP Seg): SNR Range -5 to 0, Rate 0.1
=================================================================
-----------------------------------------------------------------
 Processing SNR: -5 dB (Rate: 0.1)
-----------------------------------------------------------------
  > Running New Method: CLIP Segmentation (clip_seg)...
-----------------------------------------------------------------
 Processing SNR: -4 dB (Rate: 0.1)
-----------------------------------------------------------------
  > Running New Method: CLIP Segmentation (clip_seg)...
-----------------------------------------------------------------
 Processing SNR: -3 dB (Rate: 0.1)
-----------------------------------------------------------------
  > Running New Method: CLIP Segmentation (clip_seg)...
-----------------------------------------------------------------
 Processing SNR: -2 dB (Rate: 0.1)
-----------------------------------------------------------------
  > Running New Method: CLIP Segmentation (clip_seg)...
-----------------------------------------------------------------
 Processing SNR: -1 dB (Rate: 0.1)
-----------------------------------------------------------------
  > Running New Method: CLIP Segmentation (clip_seg)...
-----------------------------------------------------------------
 Processing SNR: 0 dB (Rate: 0.1)
-----------------------------------------------------------------
  > Running New Method: CLIP Segmentation (clip_seg)...
=================================================================
 Additional experiments completed.
=================================================================
